{"/home/kate/frontend-project-46/src/index.js": {"path":"/home/kate/frontend-project-46/src/index.js","all":false,"statementMap":{"0":{"start":{"line":1,"column":0},"end":{"line":1,"column":54}},"1":{"start":{"line":2,"column":0},"end":{"line":2,"column":35}},"2":{"start":{"line":3,"column":0},"end":{"line":3,"column":20}},"3":{"start":{"line":4,"column":0},"end":{"line":4,"column":50}},"4":{"start":{"line":5,"column":0},"end":{"line":5,"column":23}},"5":{"start":{"line":6,"column":0},"end":{"line":6,"column":0}},"6":{"start":{"line":7,"column":0},"end":{"line":7,"column":63}},"7":{"start":{"line":8,"column":0},"end":{"line":8,"column":0}},"8":{"start":{"line":9,"column":0},"end":{"line":9,"column":66}},"9":{"start":{"line":10,"column":0},"end":{"line":10,"column":0}},"10":{"start":{"line":11,"column":0},"end":{"line":11,"column":66}},"11":{"start":{"line":12,"column":0},"end":{"line":12,"column":54}},"12":{"start":{"line":13,"column":0},"end":{"line":13,"column":0}},"13":{"start":{"line":14,"column":0},"end":{"line":14,"column":43}},"14":{"start":{"line":15,"column":0},"end":{"line":15,"column":47}},"15":{"start":{"line":16,"column":0},"end":{"line":16,"column":47}},"16":{"start":{"line":17,"column":0},"end":{"line":17,"column":0}},"17":{"start":{"line":18,"column":0},"end":{"line":18,"column":40}},"18":{"start":{"line":19,"column":0},"end":{"line":19,"column":40}},"19":{"start":{"line":20,"column":0},"end":{"line":20,"column":0}},"20":{"start":{"line":21,"column":0},"end":{"line":21,"column":46}},"21":{"start":{"line":22,"column":0},"end":{"line":22,"column":46}},"22":{"start":{"line":23,"column":0},"end":{"line":23,"column":0}},"23":{"start":{"line":24,"column":0},"end":{"line":24,"column":37}},"24":{"start":{"line":25,"column":0},"end":{"line":25,"column":75}},"25":{"start":{"line":26,"column":0},"end":{"line":26,"column":0}},"26":{"start":{"line":27,"column":0},"end":{"line":27,"column":38}},"27":{"start":{"line":28,"column":0},"end":{"line":28,"column":51}},"28":{"start":{"line":29,"column":0},"end":{"line":29,"column":40}},"29":{"start":{"line":30,"column":0},"end":{"line":30,"column":45}},"30":{"start":{"line":31,"column":0},"end":{"line":31,"column":16}},"31":{"start":{"line":32,"column":0},"end":{"line":32,"column":72}},"32":{"start":{"line":33,"column":0},"end":{"line":33,"column":52}},"33":{"start":{"line":34,"column":0},"end":{"line":34,"column":9}},"34":{"start":{"line":35,"column":0},"end":{"line":35,"column":59}},"35":{"start":{"line":36,"column":0},"end":{"line":36,"column":43}},"36":{"start":{"line":37,"column":0},"end":{"line":37,"column":14}},"37":{"start":{"line":38,"column":0},"end":{"line":38,"column":43}},"38":{"start":{"line":39,"column":0},"end":{"line":39,"column":8}},"39":{"start":{"line":40,"column":0},"end":{"line":40,"column":22}},"40":{"start":{"line":41,"column":0},"end":{"line":41,"column":7}},"41":{"start":{"line":42,"column":0},"end":{"line":42,"column":37}},"42":{"start":{"line":43,"column":0},"end":{"line":43,"column":90}},"43":{"start":{"line":44,"column":0},"end":{"line":44,"column":0}},"44":{"start":{"line":45,"column":0},"end":{"line":45,"column":61}},"45":{"start":{"line":46,"column":0},"end":{"line":46,"column":42}},"46":{"start":{"line":47,"column":0},"end":{"line":47,"column":4}},"47":{"start":{"line":48,"column":0},"end":{"line":48,"column":0}},"48":{"start":{"line":49,"column":0},"end":{"line":49,"column":0}},"49":{"start":{"line":50,"column":0},"end":{"line":50,"column":63}},"50":{"start":{"line":51,"column":0},"end":{"line":51,"column":2}},"51":{"start":{"line":52,"column":0},"end":{"line":52,"column":23}}},"s":{"0":1,"1":1,"2":1,"3":1,"4":1,"5":1,"6":1,"7":1,"8":1,"9":1,"10":1,"11":1,"12":1,"13":1,"14":1,"15":1,"16":1,"17":1,"18":1,"19":1,"20":1,"21":1,"22":1,"23":1,"24":1,"25":1,"26":1,"27":5,"28":2,"29":1,"30":1,"31":1,"32":1,"33":1,"34":5,"35":2,"36":3,"37":1,"38":5,"39":5,"40":1,"41":1,"42":1,"43":1,"44":1,"45":1,"46":1,"47":1,"48":1,"49":1,"50":1,"51":1},"branchMap":{"0":{"type":"branch","line":7,"loc":{"start":{"line":7,"column":25},"end":{"line":7,"column":62}},"locations":[{"start":{"line":7,"column":25},"end":{"line":7,"column":62}}]},"1":{"type":"branch","line":11,"loc":{"start":{"line":11,"column":18},"end":{"line":11,"column":65}},"locations":[{"start":{"line":11,"column":18},"end":{"line":11,"column":65}}]},"2":{"type":"branch","line":12,"loc":{"start":{"line":12,"column":20},"end":{"line":12,"column":53}},"locations":[{"start":{"line":12,"column":20},"end":{"line":12,"column":53}}]},"3":{"type":"branch","line":14,"loc":{"start":{"line":14,"column":16},"end":{"line":51,"column":2}},"locations":[{"start":{"line":14,"column":16},"end":{"line":51,"column":2}}]},"4":{"type":"branch","line":24,"loc":{"start":{"line":24,"column":18},"end":{"line":47,"column":3}},"locations":[{"start":{"line":24,"column":18},"end":{"line":47,"column":3}}]},"5":{"type":"branch","line":27,"loc":{"start":{"line":27,"column":29},"end":{"line":41,"column":5}},"locations":[{"start":{"line":27,"column":29},"end":{"line":41,"column":5}}]},"6":{"type":"branch","line":28,"loc":{"start":{"line":28,"column":27},"end":{"line":28,"column":48}},"locations":[{"start":{"line":28,"column":27},"end":{"line":28,"column":48}}]},"7":{"type":"branch","line":28,"loc":{"start":{"line":28,"column":50},"end":{"line":35,"column":7}},"locations":[{"start":{"line":28,"column":50},"end":{"line":35,"column":7}}]},"8":{"type":"branch","line":29,"loc":{"start":{"line":29,"column":39},"end":{"line":34,"column":9}},"locations":[{"start":{"line":29,"column":39},"end":{"line":34,"column":9}}]},"9":{"type":"branch","line":35,"loc":{"start":{"line":35,"column":7},"end":{"line":39,"column":7}},"locations":[{"start":{"line":35,"column":7},"end":{"line":39,"column":7}}]},"10":{"type":"branch","line":35,"loc":{"start":{"line":35,"column":34},"end":{"line":35,"column":56}},"locations":[{"start":{"line":35,"column":34},"end":{"line":35,"column":56}}]},"11":{"type":"branch","line":35,"loc":{"start":{"line":35,"column":58},"end":{"line":37,"column":7}},"locations":[{"start":{"line":35,"column":58},"end":{"line":37,"column":7}}]},"12":{"type":"branch","line":37,"loc":{"start":{"line":37,"column":7},"end":{"line":39,"column":7}},"locations":[{"start":{"line":37,"column":7},"end":{"line":39,"column":7}}]},"13":{"type":"branch","line":43,"loc":{"start":{"line":43,"column":60},"end":{"line":43,"column":87}},"locations":[{"start":{"line":43,"column":60},"end":{"line":43,"column":87}}]}},"b":{"0":[2],"1":[2],"2":[2],"3":[1],"4":[1],"5":[5],"6":[4],"7":[2],"8":[1],"9":[3],"10":[2],"11":[2],"12":[1],"13":[6]},"fnMap":{"0":{"name":"getFullFilePath","decl":{"start":{"line":7,"column":25},"end":{"line":7,"column":62}},"loc":{"start":{"line":7,"column":25},"end":{"line":7,"column":62}},"line":7},"1":{"name":"readFile","decl":{"start":{"line":11,"column":18},"end":{"line":11,"column":65}},"loc":{"start":{"line":11,"column":18},"end":{"line":11,"column":65}},"line":11},"2":{"name":"parsesFile","decl":{"start":{"line":12,"column":20},"end":{"line":12,"column":53}},"loc":{"start":{"line":12,"column":20},"end":{"line":12,"column":53}},"line":12},"3":{"name":"genDiff","decl":{"start":{"line":14,"column":16},"end":{"line":51,"column":2}},"loc":{"start":{"line":14,"column":16},"end":{"line":51,"column":2}},"line":14},"4":{"name":"getTree","decl":{"start":{"line":24,"column":18},"end":{"line":47,"column":3}},"loc":{"start":{"line":24,"column":18},"end":{"line":47,"column":3}},"line":24}},"f":{"0":2,"1":2,"2":2,"3":1,"4":1}}
}
