TN:
SF:src/index.js
FN:7,getFullFilePath
FN:11,readFile
FN:12,parsesFile
FN:14,genDiff
FN:24,getTree
FNF:5
FNH:5
FNDA:2,getFullFilePath
FNDA:2,readFile
FNDA:2,parsesFile
FNDA:1,genDiff
FNDA:1,getTree
DA:1,1
DA:2,1
DA:3,1
DA:4,1
DA:5,1
DA:6,1
DA:7,1
DA:8,1
DA:9,1
DA:10,1
DA:11,1
DA:12,1
DA:13,1
DA:14,1
DA:15,1
DA:16,1
DA:17,1
DA:18,1
DA:19,1
DA:20,1
DA:21,1
DA:22,1
DA:23,1
DA:24,1
DA:25,1
DA:26,1
DA:27,1
DA:28,5
DA:29,2
DA:30,1
DA:31,1
DA:32,1
DA:33,1
DA:34,1
DA:35,5
DA:36,2
DA:37,3
DA:38,1
DA:39,5
DA:40,5
DA:41,1
DA:42,1
DA:43,1
DA:44,1
DA:45,1
DA:46,1
DA:47,1
DA:48,1
DA:49,1
DA:50,1
DA:51,1
DA:52,1
LF:52
LH:52
BRDA:7,0,0,2
BRDA:11,1,0,2
BRDA:12,2,0,2
BRDA:14,3,0,1
BRDA:24,4,0,1
BRDA:27,5,0,5
BRDA:28,6,0,4
BRDA:28,7,0,2
BRDA:29,8,0,1
BRDA:35,9,0,3
BRDA:35,10,0,2
BRDA:35,11,0,2
BRDA:37,12,0,1
BRDA:43,13,0,6
BRF:14
BRH:14
end_of_record
